# JRE version: Java(TM) SE Runtime Environment (18.0.2.1+1) (build 18.0.2.1+1-1)
# Java VM: Java HotSpot(TM) 64-Bit Server VM (18.0.2.1+1-1, mixed mode, sharing, tiered, compressed oops, compressed class ptrs, g1 gc, windows-amd64)
GC Precious Log:
 CardTable entry size: 512
 Card Set container configuration: InlinePtr #cards 5 size 8 Array Of Cards #cards 12 size 40 Howl #buckets 4 coarsen threshold 1843 Howl Bitmap #cards 512 size 80 coarsen threshold 460 Card regions per heap region 1 cards per card region 2048
 CPUs: 4 total, 4 available
 Memory: 8087M
 Large Page Support: Disabled
 NUMA Support: Disabled
 Compressed Oops: Enabled (32-bit)
 Heap Region Size: 1M
 Heap Min Capacity: 8M
 Heap Initial Capacity: 128M
 Heap Max Capacity: 2G
 Pre-touch: Disabled
 Parallel Workers: 4
 Concurrent Workers: 1
 Concurrent Refinement Workers: 4
 Periodic GC: Disabled
Heap:
 garbage-first heap   total 81920K, used 48424K [0x0000000080000000, 0x0000000100000000)
  region size 1024K, 23 young (23552K), 4 survivors (4096K)
 Metaspace       used 34188K, committed 35392K, reserved 487424K
  class space    used 4747K, committed 5376K, reserved 421888K
GC Heap History (14 events):
Event: 4.672 GC heap before
{Heap before GC invocations=0 (full 0):
 garbage-first heap   total 131072K, used 13312K [0x0000000080000000, 0x0000000100000000)
  region size 1024K, 13 young (13312K), 0 survivors (0K)
 Metaspace       used 910K, committed 1088K, reserved 487424K
  class space    used 68K, committed 128K, reserved 421888K
}
Event: 4.688 GC heap after
{Heap after GC invocations=1 (full 0):
 garbage-first heap   total 131072K, used 4173K [0x0000000080000000, 0x0000000100000000)
  region size 1024K, 2 young (2048K), 2 survivors (2048K)
 Metaspace       used 910K, committed 1088K, reserved 487424K
  class space    used 68K, committed 128K, reserved 421888K
}
Event: 8.499 GC heap before
{Heap before GC invocations=1 (full 0):
 garbage-first heap   total 131072K, used 23629K [0x0000000080000000, 0x0000000100000000)
  region size 1024K, 17 young (17408K), 2 survivors (2048K)
 Metaspace       used 3877K, committed 4096K, reserved 487424K
  class space    used 474K, committed 576K, reserved 421888K
}
Event: 8.503 GC heap after
{Heap after GC invocations=2 (full 0):
 garbage-first heap   total 131072K, used 10445K [0x0000000080000000, 0x0000000100000000)
  region size 1024K, 3 young (3072K), 3 survivors (3072K)
 Metaspace       used 3877K, committed 4096K, reserved 487424K
  class space    used 474K, committed 576K, reserved 421888K
}
Event: 12.221 GC heap before
{Heap before GC invocations=2 (full 0):
 garbage-first heap   total 131072K, used 32973K [0x0000000080000000, 0x0000000100000000)
  region size 1024K, 25 young (25600K), 3 survivors (3072K)
 Metaspace       used 4009K, committed 4224K, reserved 487424K
  class space    used 476K, committed 576K, reserved 421888K
}
Event: 12.226 GC heap after
{Heap after GC invocations=3 (full 0):
 garbage-first heap   total 131072K, used 14452K [0x0000000080000000, 0x0000000100000000)
  region size 1024K, 4 young (4096K), 4 survivors (4096K)
 Metaspace       used 4009K, committed 4224K, reserved 487424K
  class space    used 476K, committed 576K, reserved 421888K
}
Event: 25.230 GC heap before
{Heap before GC invocations=3 (full 0):
 garbage-first heap   total 131072K, used 88180K [0x0000000080000000, 0x0000000100000000)
  region size 1024K, 76 young (77824K), 4 survivors (4096K)
 Metaspace       used 17674K, committed 18240K, reserved 487424K
  class space    used 2539K, committed 2816K, reserved 421888K
}
Event: 25.243 GC heap after
{Heap after GC invocations=4 (full 0):
 garbage-first heap   total 131072K, used 20671K [0x0000000080000000, 0x0000000100000000)
  region size 1024K, 10 young (10240K), 10 survivors (10240K)
 Metaspace       used 17674K, committed 18240K, reserved 487424K
  class space    used 2539K, committed 2816K, reserved 421888K
}
Event: 27.065 GC heap before
{Heap before GC invocations=4 (full 0):
 garbage-first heap   total 131072K, used 43199K [0x0000000080000000, 0x0000000100000000)
  region size 1024K, 33 young (33792K), 10 survivors (10240K)
 Metaspace       used 20811K, committed 21504K, reserved 487424K
  class space    used 3055K, committed 3392K, reserved 421888K
}
Event: 27.078 GC heap after
{Heap after GC invocations=5 (full 0):
 garbage-first heap   total 131072K, used 23041K [0x0000000080000000, 0x0000000100000000)
  region size 1024K, 2 young (2048K), 2 survivors (2048K)
 Metaspace       used 20811K, committed 21504K, reserved 487424K
  class space    used 3055K, committed 3392K, reserved 421888K
}
Event: 32.019 GC heap before
{Heap before GC invocations=6 (full 0):
 garbage-first heap   total 81920K, used 69121K [0x0000000080000000, 0x0000000100000000)
  region size 1024K, 48 young (49152K), 2 survivors (2048K)
 Metaspace       used 29451K, committed 30592K, reserved 487424K
  class space    used 4224K, committed 4800K, reserved 421888K
}
Event: 32.029 GC heap after
{Heap after GC invocations=7 (full 0):
 garbage-first heap   total 81920K, used 26771K [0x0000000080000000, 0x0000000100000000)
  region size 1024K, 6 young (6144K), 6 survivors (6144K)
 Metaspace       used 29451K, committed 30592K, reserved 487424K
  class space    used 4224K, committed 4800K, reserved 421888K
}
Event: 34.919 GC heap before
{Heap before GC invocations=7 (full 0):
 garbage-first heap   total 81920K, used 63635K [0x0000000080000000, 0x0000000100000000)
  region size 1024K, 39 young (39936K), 6 survivors (6144K)
 Metaspace       used 32950K, committed 34176K, reserved 487424K
  class space    used 4555K, committed 5184K, reserved 421888K
}
Event: 34.929 GC heap after
{Heap after GC invocations=8 (full 0):
 garbage-first heap   total 81920K, used 29992K [0x0000000080000000, 0x0000000100000000)
  region size 1024K, 4 young (4096K), 4 survivors (4096K)
 Metaspace       used 32950K, committed 34176K, reserved 487424K
  class space    used 4555K, committed 5184K, reserved 421888K
}

